<?xml version="1.0" encoding="UTF-8"?>
<!-- Generated by org.testng.reporters.JUnitReportReporter -->
<testsuite hostname="DESKTOP-Q0S3LGK" failures="0" tests="1" name="testcases.AddCustomerTest" time="12.303" errors="0" timestamp="2022-09-15T18:31:20 IST" skipped="0">
  <testcase classname="testcases.AddCustomerTest" name="addCustomer" time="12.303"/>
  <system-out/>
</testsuite> <!-- testcases.AddCustomerTest -->
