<?xml version="1.0" encoding="UTF-8"?>
<!-- Generated by org.testng.reporters.JUnitReportReporter -->
<testsuite hostname="DESKTOP-Q0S3LGK" failures="0" tests="1" name="testcases.BankManagerLoginTest" time="0.154" errors="0" timestamp="2022-09-19T16:05:23 IST" skipped="0">
  <testcase classname="testcases.BankManagerLoginTest" name="loginAsBankManager" time="0.154"/>
  <system-out/>
</testsuite> <!-- testcases.BankManagerLoginTest -->
