<?xml version="1.0" encoding="UTF-8"?>
<!-- Generated by org.testng.reporters.JUnitReportReporter -->
<testsuite hostname="DESKTOP-Q0S3LGK" failures="0" tests="1" name="testcases.OpenAccountTest" time="0.399" errors="0" timestamp="2022-09-19T16:05:23 IST" skipped="0">
  <testcase classname="testcases.OpenAccountTest" name="openAccount" time="0.399"/>
  <system-out/>
</testsuite> <!-- testcases.OpenAccountTest -->
